Arguments: 
  /Users/mitchelvaneijgen/.nvm/versions/node/v14.2.0/bin/node /usr/local/Cellar/yarn/1.22.4/libexec/bin/yarn.js

PATH: 
  /Users/mitchelvaneijgen/.rvm/gems/ruby-2.1.2/bin:/Users/mitchelvaneijgen/.rvm/gems/ruby-2.1.2@global/bin:/Users/mitchelvaneijgen/.rvm/rubies/ruby-2.1.2/bin:/Users/mitchelvaneijgen/.serverless/bin:/Users/mitchelvaneijgen/.nvm/versions/node/v13.2.0/lib/node_modules:/Users/mitchelvaneijgen/.nvm/versions/node/v14.2.0/bin:/usr/local/opt/avr-gcc@8/bin:/Users/mitchelvaneijgen/.nvm/versions/node/v14.2.0/bin:/usr/local/bin:/usr/bin:/bin:/usr/sbin:/sbin:/opt/X11/bin:/Library/Apple/usr/bin:/Library/Frameworks/Mono.framework/Versions/Current/Commands:/Users/mitchelvaneijgen/.rvm/gems/ruby-2.1.2/bin:/Users/mitchelvaneijgen/.rvm/gems/ruby-2.1.2@global/bin:/Users/mitchelvaneijgen/.rvm/rubies/ruby-2.1.2/bin:/Users/mitchelvaneijgen/.serverless/bin:/Users/mitchelvaneijgen/.nvm/versions/node/v13.2.0/lib/node_modules:/usr/local/opt/avr-gcc@8/bin:/Users/mitchelvaneijgen/.nvm/versions/node/v14.2.0/bin:/Users/mitchelvaneijgen/Dropbox/Assets/scripts:/Users/mitchelvaneijgen/.rvm/bin:/Users/mitchelvaneijgen/Dropbox/Assets/scripts

Yarn version: 
  1.22.4

Node version: 
  14.2.0

Platform: 
  darwin x64

Trace: 
  Error: write EADDRNOTAVAIL
      at WriteWrap.onWriteComplete [as oncomplete] (internal/stream_base_commons.js:92:16)
      at handleWriteReq (internal/stream_base_commons.js:58:21)
      at writeGeneric (internal/stream_base_commons.js:143:15)
      at TLSSocket.Socket._writeGeneric (net.js:783:11)
      at TLSSocket.Socket._write (net.js:795:8)
      at doWrite (_stream_writable.js:378:12)
      at clearBuffer (_stream_writable.js:518:7)
      at TLSSocket.Writable.uncork (_stream_writable.js:318:7)
      at ClientRequest._flushOutput (_http_outgoing.js:883:10)
      at ClientRequest._flush (_http_outgoing.js:852:22)

npm manifest: 
  {
    "name": "mijnticenik",
    "version": "1.0.0",
    "description": "Nuxt.js project",
    "author": "Mitchel van Eijgen <mvaneijgen@gmail.com>",
    "private": true,
    "scripts": {
      "dev": "nuxt",
      "build": "nuxt build",
      "build:gh-pages": "DEPLOY_ENV=GH_PAGES nuxt build",
      "generate:gh-pages": "DEPLOY_ENV=GH_PAGES nuxt generate",
      "start": "nuxt start",
      "generate": "nuxt generate",
      "lint": "eslint --ext .js,.vue --ignore-path .gitignore .",
      "precommit": "npm run lint"
    },
    "dependencies": {
      "@nuxtjs/apollo": "^4.0.0-rc19",
      "@nuxtjs/axios": "^5.12.2",
      "fsevents": "1.2.9",
      "graphql-tag": "^2.10.1",
      "gsap": "^3.0.2",
      "node-fetch": "^2.6.0",
      "nuxt": "^2.10.2"
    },
    "devDependencies": {
      "@babel/runtime-corejs2": "^7.4.4",
      "babel-eslint": "^10.0.3",
      "core-js": "^3.6.5",
      "eslint": "^7.8.1",
      "eslint-friendly-formatter": "^4.0.1",
      "eslint-loader": "^4.0.2",
      "eslint-plugin-vue": "^6.0.1",
      "node-sass": "^4.9.0",
      "sass-loader": "^10.0.2"
    }
  }

yarn manifest: 
  No manifest

Lockfile: 
  No lockfile
